<?xml version="1.0" encoding="UTF-8"?>
<testsuite xmlns:xsi="http://www.w3.org/2001/XMLSchema-instance" xsi:noNamespaceSchemaLocation="https://maven.apache.org/surefire/maven-surefire-plugin/xsd/surefire-test-report-3.0.xsd" version="3.0" name="com.devgroup.ecommerce.EcommerceApplicationTests" time="15.025" tests="1" errors="0" skipped="0" failures="0">
  <properties>
[...]
</properties>
  <testcase name="contextLoads" classname="com.devgroup.ecommerce.EcommerceApplicationTests" time="0.472">
    <system-out><![CDATA[22:56:38.806 [main] INFO org.springframework.test.context.support.AnnotationConfigContextLoaderUtils -- Could not detect default configuration classes for test class [com.devgroup.ecommerce.EcommerceApplicationTests]: EcommerceApplicationTests does not declare any static, non-private, non-final, nested classes annotated with @Configuration.
22:56:38.911 [main] INFO org.springframework.boot.test.context.SpringBootTestContextBootstrapper -- Found @SpringBootConfiguration com.devgroup.ecommerce.EcommerceApplication for test class com.devgroup.ecommerce.EcommerceApplicationTests
22:56:39.081 [main] INFO org.springframework.boot.devtools.restart.RestartApplicationListener -- Restart disabled due to context in which it is running

  .   ____          _            __ _ _
 /\\ / ___'_ __ _ _(_)_ __  __ _ \ \ \ \
( ( )\___ | '_ | '_| | '_ \/ _` | \ \ \ \
 \\/  ___)| |_)| | | | | || (_| |  ) ) ) )
  '  |____| .__|_| |_|_| |_\__, | / / / /
 =========|_|==============|___/=/_/_/_/

 :: Spring Boot ::                (v3.3.5)

2024-11-11T22:56:39.477-03:00  INFO 12864 --- [Ecommerce] [           main] c.d.ecommerce.EcommerceApplicationTests  : Starting EcommerceApplicationTests using Java 22.0.1 with PID 12864 (started by Estudio in C:\Users\Estudio\Desktop\Programación\Tennicatura\SegundoAño\CuartoSemestre\backend-DevgroupEcommerce)
2024-11-11T22:56:39.478-03:00  INFO 12864 --- [Ecommerce] [           main] c.d.ecommerce.EcommerceApplicationTests  : No active profile set, falling back to 1 default profile: "default"
2024-11-11T22:56:40.541-03:00  INFO 12864 --- [Ecommerce] [           main] .s.d.r.c.RepositoryConfigurationDelegate : Bootstrapping Spring Data JPA repositories in DEFAULT mode.
2024-11-11T22:56:40.613-03:00  INFO 12864 --- [Ecommerce] [           main] .s.d.r.c.RepositoryConfigurationDelegate : Finished Spring Data repository scanning in 62 ms. Found 4 JPA repository interfaces.
2024-11-11T22:56:41.466-03:00  INFO 12864 --- [Ecommerce] [           main] o.hibernate.jpa.internal.util.LogHelper  : HHH000204: Processing PersistenceUnitInfo [name: default]
2024-11-11T22:56:41.570-03:00  INFO 12864 --- [Ecommerce] [           main] org.hibernate.Version                    : HHH000412: Hibernate ORM core version 6.5.3.Final
2024-11-11T22:56:41.618-03:00  INFO 12864 --- [Ecommerce] [           main] o.h.c.internal.RegionFactoryInitiator    : HHH000026: Second-level cache disabled
2024-11-11T22:56:42.052-03:00  INFO 12864 --- [Ecommerce] [           main] o.s.o.j.p.SpringPersistenceUnitInfo      : No LoadTimeWeaver setup: ignoring JPA class transformer
2024-11-11T22:56:42.093-03:00  INFO 12864 --- [Ecommerce] [           main] com.zaxxer.hikari.HikariDataSource       : HikariPool-1 - Starting...
2024-11-11T22:56:44.226-03:00  INFO 12864 --- [Ecommerce] [           main] com.zaxxer.hikari.pool.HikariPool        : HikariPool-1 - Added connection org.postgresql.jdbc.PgConnection@71418a4a
2024-11-11T22:56:44.228-03:00  INFO 12864 --- [Ecommerce] [           main] com.zaxxer.hikari.HikariDataSource       : HikariPool-1 - Start completed.
2024-11-11T22:56:46.548-03:00  INFO 12864 --- [Ecommerce] [           main] o.h.e.t.j.p.i.JtaPlatformInitiator       : HHH000489: No JTA platform available (set 'hibernate.transaction.jta.platform' to enable JTA platform integration)
2024-11-11T22:56:50.687-03:00  INFO 12864 --- [Ecommerce] [           main] j.LocalContainerEntityManagerFactoryBean : Initialized JPA EntityManagerFactory for persistence unit 'default'
2024-11-11T22:56:51.411-03:00  WARN 12864 --- [Ecommerce] [           main] JpaBaseConfiguration$JpaWebConfiguration : spring.jpa.open-in-view is enabled by default. Therefore, database queries may be performed during view rendering. Explicitly configure spring.jpa.open-in-view to disable this warning
2024-11-11T22:56:51.459-03:00  INFO 12864 --- [Ecommerce] [           main] r$InitializeUserDetailsManagerConfigurer : Global AuthenticationManager configured with UserDetailsService bean with name userDetService
2024-11-11T22:56:52.212-03:00  INFO 12864 --- [Ecommerce] [           main] o.s.b.a.e.web.EndpointLinksResolver      : Exposing 1 endpoint beneath base path '/actuator'
2024-11-11T22:56:52.317-03:00 DEBUG 12864 --- [Ecommerce] [           main] o.s.s.web.DefaultSecurityFilterChain     : Will secure any request with filters: DisableEncodeUrlFilter, WebAsyncManagerIntegrationFilter, SecurityContextHolderFilter, HeaderWriterFilter, CorsFilter, LogoutFilter, JwtRequestFilter, RequestCacheAwareFilter, SecurityContextHolderAwareRequestFilter, AnonymousAuthenticationFilter, SessionManagementFilter, ExceptionTranslationFilter, AuthorizationFilter
2024-11-11T22:56:53.077-03:00  INFO 12864 --- [Ecommerce] [           main] c.d.ecommerce.EcommerceApplicationTests  : Started EcommerceApplicationTests in 14.013 seconds (process running for 14.962)
]]></system-out>
    <system-err><![CDATA[WARNING: A Java agent has been loaded dynamically (C:\Users\Estudio\.m2\repository\net\bytebuddy\byte-buddy-agent\1.14.19\byte-buddy-agent-1.14.19.jar)
WARNING: If a serviceability tool is in use, please run with -XX:+EnableDynamicAgentLoading to hide this warning
WARNING: If a serviceability tool is not in use, please run with -Djdk.instrument.traceUsage for more information
WARNING: Dynamic loading of agents will be disallowed by default in a future release
]]></system-err>
  </testcase>
</testsuite>